<?xml version="1.0" encoding="UTF-8"?>
<!-- Generated by org.testng.reporters.JUnitReportReporter -->
<testsuite skipped="0" hostname="Kanishk" name="com.ijmeet.testcases.LoginPageTest" tests="1" failures="0" timestamp="2020-08-23T23:33:33 IST" time="45.844" errors="0">
  <testcase name="tc_001" time="45.844" classname="com.ijmeet.testcases.LoginPageTest"/>
  <system-out/>
</testsuite> <!-- com.ijmeet.testcases.LoginPageTest -->
